This is pdfTeX, Version 3.14159265-2.6-1.40.21 (MiKTeX 20.6.29) (preloaded format=pdflatex 2020.10.8)  2 JAN 2021 10:53
entering extended mode
**./informe.tex
(informe.tex
LaTeX2e <2020-02-02> patch level 5
L3 programming layer <2020-06-18>
(C:\Users\Percy\AppData\Local\Programs\MiKTeX\tex/latex/base\article.cls
Document Class: article 2019/12/20 v1.4l Standard LaTeX document class
(C:\Users\Percy\AppData\Local\Programs\MiKTeX\tex/latex/base\size12.clo
File: size12.clo 2019/12/20 v1.4l Standard LaTeX file (size option)
)
\c@part=\count167
\c@section=\count168
\c@subsection=\count169
\c@subsubsection=\count170
\c@paragraph=\count171
\c@subparagraph=\count172
\c@figure=\count173
\c@table=\count174
\abovecaptionskip=\skip47
\belowcaptionskip=\skip48
\bibindent=\dimen134
)
(C:\Users\Percy\AppData\Local\Programs\MiKTeX\tex/latex/base\inputenc.sty
Package: inputenc 2018/08/11 v1.3c Input encoding file
\inpenc@prehook=\toks15
\inpenc@posthook=\toks16
)
(C:\Users\Percy\AppData\Local\Programs\MiKTeX\tex/generic/babel\babel.sty
Package: babel 2020/06/10 3.45 The Babel package

(C:\Users\Percy\AppData\Local\Programs\MiKTeX\tex/generic/babel\babel.def
File: babel.def 2020/06/10 3.45 Babel common definitions
\babel@savecnt=\count175
\U@D=\dimen135
\l@babelnohyphens=\language79

(C:\Users\Percy\AppData\Local\Programs\MiKTeX\tex/generic/babel\txtbabel.def)
\bbl@readstream=\read2
)
\bbl@dirlevel=\count176

*************************************
* Local config file bblopts.cfg used
*
(C:\Users\Percy\AppData\Local\Programs\MiKTeX\tex/latex/arabi\bblopts.cfg
File: bblopts.cfg 2005/09/08 v0.1 add Arabic and Farsi to "declared" options of
 babel
)
(C:\Users\Percy\AppData\Local\Programs\MiKTeX\tex/latex/babel-spanish\spanish.l
df
Language: spanish.ldf 2016/03/03 v5.0p Spanish support from the babel system
\es@quottoks=\toks17
\es@quotdepth=\count177
Package babel Info: Making " an active character on input line 561.
Package babel Info: Making . an active character on input line 662.
Package babel Info: Making < an active character on input line 707.
Package babel Info: Making > an active character on input line 707.
))
(C:\Users\Percy\AppData\Local\Programs\MiKTeX\tex/latex/graphics\graphicx.sty
Package: graphicx 2019/11/30 v1.2a Enhanced LaTeX Graphics (DPC,SPQR)

(C:\Users\Percy\AppData\Local\Programs\MiKTeX\tex/latex/graphics\keyval.sty
Package: keyval 2014/10/28 v1.15 key=value parser (DPC)
\KV@toks@=\toks18
)
(C:\Users\Percy\AppData\Local\Programs\MiKTeX\tex/latex/graphics\graphics.sty
Package: graphics 2019/11/30 v1.4a Standard LaTeX Graphics (DPC,SPQR)

(C:\Users\Percy\AppData\Local\Programs\MiKTeX\tex/latex/graphics\trig.sty
Package: trig 2016/01/03 v1.10 sin cos tan (DPC)
)
(C:\Users\Percy\AppData\Local\Programs\MiKTeX\tex/latex/graphics-cfg\graphics.c
fg
File: graphics.cfg 2016/06/04 v1.11 sample graphics configuration
)
Package graphics Info: Driver file: pdftex.def on input line 105.

(C:\Users\Percy\AppData\Local\Programs\MiKTeX\tex/latex/graphics-def\pdftex.def
File: pdftex.def 2018/01/08 v1.0l Graphics/color driver for pdftex
))
\Gin@req@height=\dimen136
\Gin@req@width=\dimen137
)
(C:\Users\Percy\AppData\Local\Programs\MiKTeX\tex/latex/geometry\geometry.sty
Package: geometry 2020/01/02 v5.9 Page Geometry

(C:\Users\Percy\AppData\Local\Programs\MiKTeX\tex/generic/iftex\ifvtex.sty
Package: ifvtex 2019/10/25 v1.7 ifvtex legacy package. Use iftex instead.

(C:\Users\Percy\AppData\Local\Programs\MiKTeX\tex/generic/iftex\iftex.sty
Package: iftex 2020/03/06 v1.0d TeX engine tests
))
\Gm@cnth=\count178
\Gm@cntv=\count179
\c@Gm@tempcnt=\count180
\Gm@bindingoffset=\dimen138
\Gm@wd@mp=\dimen139
\Gm@odd@mp=\dimen140
\Gm@even@mp=\dimen141
\Gm@layoutwidth=\dimen142
\Gm@layoutheight=\dimen143
\Gm@layouthoffset=\dimen144
\Gm@layoutvoffset=\dimen145
\Gm@dimlist=\toks19

(C:\Users\Percy\AppData\Local\Programs\MiKTeX\tex/latex/geometry\geometry.cfg))
(C:\Users\Percy\AppData\Local\Programs\MiKTeX\tex/latex/float\float.sty
Package: float 2001/11/08 v1.3d Float enhancements (AL)
\c@float@type=\count181
\float@exts=\toks20
\float@box=\box45
\@float@everytoks=\toks21
\@floatcapt=\box46
)
(C:\Users\Percy\AppData\Local\Programs\MiKTeX\tex/latex/amsmath\amsmath.sty
Package: amsmath 2020/01/20 v2.17e AMS math features
\@mathmargin=\skip49

For additional information on amsmath, use the `?' option.
(C:\Users\Percy\AppData\Local\Programs\MiKTeX\tex/latex/amsmath\amstext.sty
Package: amstext 2000/06/29 v2.01 AMS text

(C:\Users\Percy\AppData\Local\Programs\MiKTeX\tex/latex/amsmath\amsgen.sty
File: amsgen.sty 1999/11/30 v2.0 generic functions
\@emptytoks=\toks22
\ex@=\dimen146
))
(C:\Users\Percy\AppData\Local\Programs\MiKTeX\tex/latex/amsmath\amsbsy.sty
Package: amsbsy 1999/11/29 v1.2d Bold Symbols
\pmbraise@=\dimen147
)
(C:\Users\Percy\AppData\Local\Programs\MiKTeX\tex/latex/amsmath\amsopn.sty
Package: amsopn 2016/03/08 v2.02 operator names
)
\inf@bad=\count182
LaTeX Info: Redefining \frac on input line 227.
\uproot@=\count183
\leftroot@=\count184
LaTeX Info: Redefining \overline on input line 389.
\classnum@=\count185
\DOTSCASE@=\count186
LaTeX Info: Redefining \ldots on input line 486.
LaTeX Info: Redefining \dots on input line 489.
LaTeX Info: Redefining \cdots on input line 610.
\Mathstrutbox@=\box47
\strutbox@=\box48
\big@size=\dimen148
LaTeX Font Info:    Redeclaring font encoding OML on input line 733.
LaTeX Font Info:    Redeclaring font encoding OMS on input line 734.
\macc@depth=\count187
\c@MaxMatrixCols=\count188
\dotsspace@=\muskip16
\c@parentequation=\count189
\dspbrk@lvl=\count190
\tag@help=\toks23
\row@=\count191
\column@=\count192
\maxfields@=\count193
\andhelp@=\toks24
\eqnshift@=\dimen149
\alignsep@=\dimen150
\tagshift@=\dimen151
\tagwidth@=\dimen152
\totwidth@=\dimen153
\lineht@=\dimen154
\@envbody=\toks25
\multlinegap=\skip50
\multlinetaggap=\skip51
\mathdisplay@stack=\toks26
LaTeX Info: Redefining \[ on input line 2859.
LaTeX Info: Redefining \] on input line 2860.
)
(C:\Users\Percy\AppData\Local\Programs\MiKTeX\tex/latex/oberdiek\stackrel.sty
Package: stackrel 2016/05/16 v1.3 Adding subscript option to stackrel (HO)

(C:\Users\Percy\AppData\Local\Programs\MiKTeX\tex/generic/etexcmds\etexcmds.sty
Package: etexcmds 2019/12/15 v1.7 Avoid name clashes with e-TeX commands (HO)

(C:\Users\Percy\AppData\Local\Programs\MiKTeX\tex/generic/infwarerr\infwarerr.s
ty
Package: infwarerr 2019/12/03 v1.5 Providing info/warning/error messages (HO)
))
(C:\Users\Percy\AppData\Local\Programs\MiKTeX\tex/generic/pdftexcmds\pdftexcmds
.sty
Package: pdftexcmds 2020-06-27 v0.33 Utility functions of pdfTeX for LuaTeX (HO
)

(C:\Users\Percy\AppData\Local\Programs\MiKTeX\tex/generic/ltxcmds\ltxcmds.sty
Package: ltxcmds 2020-05-10 v1.25 LaTeX kernel commands for general use (HO)
)
Package pdftexcmds Info: \pdf@primitive is available.
Package pdftexcmds Info: \pdf@ifprimitive is available.
Package pdftexcmds Info: \pdfdraftmode found.
)) (C:\Users\Percy\AppData\Local\Programs\MiKTeX\tex/latex/multirow\multirow.st
y
Package: multirow 2019/05/31 v2.5 Span multiple rows of a table
\multirow@colwidth=\skip52
\multirow@cntb=\count194
\multirow@dima=\skip53
\bigstrutjot=\dimen155
) (C:\Users\Percy\AppData\Local\Programs\MiKTeX\tex/latex/tools\enumerate.sty
Package: enumerate 2015/07/23 v3.00 enumerate extensions (DPC)
\@enLab=\toks27
)
(C:\Users\Percy\AppData\Local\Programs\MiKTeX\tex/latex/l3backend\l3backend-pdf
mode.def
File: l3backend-pdfmode.def 2020-06-29 L3 backend support: PDF mode
\l__kernel_color_stack_int=\count195
\l__pdf_internal_box=\box49
) (informe.aux
LaTeX Info: Redefining \. on input line 8.
LaTeX Info: Redefining \% on input line 8.
)
\openout1 = `informe.aux'.

LaTeX Font Info:    Checking defaults for OML/cmm/m/it on input line 20.
LaTeX Font Info:    ... okay on input line 20.
LaTeX Font Info:    Checking defaults for OMS/cmsy/m/n on input line 20.
LaTeX Font Info:    ... okay on input line 20.
LaTeX Font Info:    Checking defaults for OT1/cmr/m/n on input line 20.
LaTeX Font Info:    ... okay on input line 20.
LaTeX Font Info:    Checking defaults for T1/cmr/m/n on input line 20.
LaTeX Font Info:    ... okay on input line 20.
LaTeX Font Info:    Checking defaults for TS1/cmr/m/n on input line 20.
LaTeX Font Info:    ... okay on input line 20.
LaTeX Font Info:    Checking defaults for OMX/cmex/m/n on input line 20.
LaTeX Font Info:    ... okay on input line 20.
LaTeX Font Info:    Checking defaults for U/cmr/m/n on input line 20.
LaTeX Font Info:    ... okay on input line 20.
LaTeX Info: Redefining \. on input line 20.
LaTeX Info: Redefining \% on input line 20.

(C:\Users\Percy\AppData\Local\Programs\MiKTeX\tex/context/base/mkii\supp-pdf.mk
ii
[Loading MPS to PDF converter (version 2006.09.02).]
\scratchcounter=\count196
\scratchdimen=\dimen156
\scratchbox=\box50
\nofMPsegments=\count197
\nofMParguments=\count198
\everyMPshowfont=\toks28
\MPscratchCnt=\count199
\MPscratchDim=\dimen157
\MPnumerator=\count266
\makeMPintoPDFobject=\count267
\everyMPtoPDFconversion=\toks29
)
(C:\Users\Percy\AppData\Local\Programs\MiKTeX\tex/latex/epstopdf-pkg\epstopdf-b
ase.sty
Package: epstopdf-base 2020-01-24 v2.11 Base part for package epstopdf
Package epstopdf-base Info: Redefining graphics rule for `.eps' on input line 4
85.
)
*geometry* driver: auto-detecting
*geometry* detected driver: pdftex
*geometry* verbose mode - [ preamble ] result:
* driver: pdftex
* paper: letterpaper
* layout: <same size as paper>
* layoutoffset:(h,v)=(0.0pt,0.0pt)
* modes: 
* h-part:(L,W,R)=(56.9055pt, 500.484pt, 56.9055pt)
* v-part:(T,H,B)=(56.9055pt, 681.15898pt, 56.9055pt)
* \paperwidth=614.295pt
* \paperheight=794.96999pt
* \textwidth=500.484pt
* \textheight=681.15898pt
* \oddsidemargin=-15.36449pt
* \evensidemargin=-15.36449pt
* \topmargin=-52.36449pt
* \headheight=12.0pt
* \headsep=25.0pt
* \topskip=12.0pt
* \footskip=30.0pt
* \marginparwidth=44.0pt
* \marginparsep=10.0pt
* \columnsep=10.0pt
* \skip\footins=10.8pt plus 4.0pt minus 2.0pt
* \hoffset=0.0pt
* \voffset=0.0pt
* \mag=1000
* \@twocolumnfalse
* \@twosidefalse
* \@mparswitchfalse
* \@reversemarginfalse
* (1in=72.27pt=25.4mm, 1cm=28.453pt)

<./Imagenes/logo.png, id=1, 250.9375pt x 312.16624pt>
File: ./Imagenes/logo.png Graphic file (type png)
<use ./Imagenes/logo.png>
Package pdftex.def Info: ./Imagenes/logo.png  used on input line 40.
(pdftex.def)             Requested size: 227.62204pt x 283.17622pt.
[1

{C:/Users/Percy/AppData/Local/MiKTeX/pdftex/config/pdftex.map} <./Imagenes/logo
.png>] (informe.toc
LaTeX Info: Redefining \. on input line 1.
LaTeX Info: Redefining \% on input line 1.
)
\tf@toc=\write3
\openout3 = `informe.toc'.

 [1]
Underfull \hbox (badness 10000) in paragraph at lines 112--114

 []


Underfull \hbox (badness 10000) in paragraph at lines 117--118

 []

<./Imagenes/1.png, id=13, 1021.56656pt x 471.26062pt>
File: ./Imagenes/1.png Graphic file (type png)
<use ./Imagenes/1.png>
Package pdftex.def Info: ./Imagenes/1.png  used on input line 122.
(pdftex.def)             Requested size: 426.79134pt x 196.87825pt.
<./Imagenes/2.png, id=14, 1027.58907pt x 476.53032pt>
File: ./Imagenes/2.png Graphic file (type png)
<use ./Imagenes/2.png>
Package pdftex.def Info: ./Imagenes/2.png  used on input line 128.
(pdftex.def)             Requested size: 426.79134pt x 197.91637pt.
[1 <./Imagenes/1.png>]
<./Imagenes/3.png, id=20, 1027.58907pt x 477.28313pt>
File: ./Imagenes/3.png Graphic file (type png)
<use ./Imagenes/3.png>
Package pdftex.def Info: ./Imagenes/3.png  used on input line 134.
(pdftex.def)             Requested size: 426.79134pt x 198.22902pt.
<./Imagenes/4.png, id=21, 1027.58907pt x 470.50781pt>
File: ./Imagenes/4.png Graphic file (type png)
<use ./Imagenes/4.png>
Package pdftex.def Info: ./Imagenes/4.png  used on input line 140.
(pdftex.def)             Requested size: 426.79134pt x 195.41504pt.
 [2 <./Imagenes/2.png> <./Imagenes/3.png>]
<./Imagenes/5.png, id=27, 1027.58907pt x 459.96844pt>
File: ./Imagenes/5.png Graphic file (type png)
<use ./Imagenes/5.png>
Package pdftex.def Info: ./Imagenes/5.png  used on input line 146.
(pdftex.def)             Requested size: 426.79134pt x 191.03775pt.
<./Imagenes/6.png, id=28, 1017.04968pt x 453.19313pt>
File: ./Imagenes/6.png Graphic file (type png)
<use ./Imagenes/6.png>
Package pdftex.def Info: ./Imagenes/6.png  used on input line 152.
(pdftex.def)             Requested size: 426.79134pt x 190.17384pt.
 [3 <./Imagenes/4.png> <./Imagenes/5.png> <./Imagenes/6.png>]
<./Imagenes/7.png, id=35, 1011.78pt x 444.91219pt>
File: ./Imagenes/7.png Graphic file (type png)
<use ./Imagenes/7.png>
Package pdftex.def Info: ./Imagenes/7.png  used on input line 158.
(pdftex.def)             Requested size: 426.79134pt x 187.6765pt.
<./Imagenes/8.png, id=36, 1004.25188pt x 475.02469pt>
File: ./Imagenes/8.png Graphic file (type png)
<use ./Imagenes/8.png>
Package pdftex.def Info: ./Imagenes/8.png  used on input line 164.
(pdftex.def)             Requested size: 426.79134pt x 201.87918pt.
<./Imagenes/9.png, id=37, 972.63374pt x 460.72125pt>
File: ./Imagenes/9.png Graphic file (type png)
<use ./Imagenes/9.png>
Package pdftex.def Info: ./Imagenes/9.png  used on input line 170.
(pdftex.def)             Requested size: 426.79134pt x 202.1626pt.
 [4 <./Imagenes/7.png> <./Imagenes/8.png> <./Imagenes/9.png>]
<./Imagenes/10.png, id=44, 599.23875pt x 470.50781pt>
File: ./Imagenes/10.png Graphic file (type png)
<use ./Imagenes/10.png>
Package pdftex.def Info: ./Imagenes/10.png  used on input line 176.
(pdftex.def)             Requested size: 341.43306pt x 268.09172pt.
<./Imagenes/11.png, id=45, 531.48563pt x 432.11438pt>
File: ./Imagenes/11.png Graphic file (type png)
<use ./Imagenes/11.png>
Package pdftex.def Info: ./Imagenes/11.png  used on input line 182.
(pdftex.def)             Requested size: 341.43306pt x 277.60062pt.
<./Imagenes/12.png, id=46, 438.8897pt x 431.36156pt>
File: ./Imagenes/12.png Graphic file (type png)
<use ./Imagenes/12.png>
Package pdftex.def Info: ./Imagenes/12.png  used on input line 188.
(pdftex.def)             Requested size: 426.79134pt x 419.47992pt.
 [5 <./Imagenes/10.png> <./Imagenes/11.png>]
Underfull \hbox (badness 10000) in paragraph at lines 191--192

 []


Underfull \hbox (badness 10000) in paragraph at lines 193--194

 []


Underfull \hbox (badness 10000) in paragraph at lines 195--196

 []

<./Imagenes/13.png, id=53, 744.53156pt x 218.31563pt>
File: ./Imagenes/13.png Graphic file (type png)
<use ./Imagenes/13.png>
Package pdftex.def Info: ./Imagenes/13.png  used on input line 200.
(pdftex.def)             Requested size: 426.79134pt x 125.15074pt.
[6 <./Imagenes/12.png>]
<./Imagenes/14.png, id=58, 811.53188pt x 389.95688pt>
File: ./Imagenes/14.png Graphic file (type png)
<use ./Imagenes/14.png>
Package pdftex.def Info: ./Imagenes/14.png  used on input line 206.
(pdftex.def)             Requested size: 426.79134pt x 205.08743pt.
<./Imagenes/15.png, id=59, 907.89188pt x 448.67625pt>
File: ./Imagenes/15.png Graphic file (type png)
<use ./Imagenes/15.png>
Package pdftex.def Info: ./Imagenes/15.png  used on input line 212.
(pdftex.def)             Requested size: 426.79134pt x 210.91895pt.
<./Imagenes/16.png, id=60, 1027.58907pt x 461.47406pt>
File: ./Imagenes/16.png Graphic file (type png)
<use ./Imagenes/16.png>
Package pdftex.def Info: ./Imagenes/16.png  used on input line 218.
(pdftex.def)             Requested size: 426.79134pt x 191.66307pt.
 [7 <./Imagenes/13.png> <./Imagenes/14.png> <./Imagenes/15.png>]
<./Imagenes/17.png, id=67, 925.95938pt x 432.86719pt>
File: ./Imagenes/17.png Graphic file (type png)
<use ./Imagenes/17.png>
Package pdftex.def Info: ./Imagenes/17.png  used on input line 224.
(pdftex.def)             Requested size: 426.79134pt x 199.51761pt.
<./Imagenes/18.png, id=68, 1017.8025pt x 459.21562pt>
File: ./Imagenes/18.png Graphic file (type png)
<use ./Imagenes/18.png>
Package pdftex.def Info: ./Imagenes/18.png  used on input line 230.
(pdftex.def)             Requested size: 426.79134pt x 192.56093pt.
 [8 <./Imagenes/16.png> <./Imagenes/17.png>]
<./Imagenes/19.png, id=74, 1027.58907pt x 464.4853pt>
File: ./Imagenes/19.png Graphic file (type png)
<use ./Imagenes/19.png>
Package pdftex.def Info: ./Imagenes/19.png  used on input line 236.
(pdftex.def)             Requested size: 426.79134pt x 192.91373pt.
<./Imagenes/20.png, id=75, 1027.58907pt x 465.99094pt>
File: ./Imagenes/20.png Graphic file (type png)
<use ./Imagenes/20.png>
Package pdftex.def Info: ./Imagenes/20.png  used on input line 242.
(pdftex.def)             Requested size: 426.79134pt x 193.53906pt.
 [9 <./Imagenes/18.png> <./Imagenes/19.png>]
<./Imagenes/21.png, id=81, 1027.58907pt x 465.99094pt>
File: ./Imagenes/21.png Graphic file (type png)
<use ./Imagenes/21.png>
Package pdftex.def Info: ./Imagenes/21.png  used on input line 248.
(pdftex.def)             Requested size: 426.79134pt x 193.53906pt.
<./Imagenes/22.png, id=82, 1016.29688pt x 472.01344pt>
File: ./Imagenes/22.png Graphic file (type png)
<use ./Imagenes/22.png>
Package pdftex.def Info: ./Imagenes/22.png  used on input line 254.
(pdftex.def)             Requested size: 426.79134pt x 198.22269pt.
<./Imagenes/23.png, id=83, 1027.58907pt x 463.7325pt>
File: ./Imagenes/23.png Graphic file (type png)
<use ./Imagenes/23.png>
Package pdftex.def Info: ./Imagenes/23.png  used on input line 260.
(pdftex.def)             Requested size: 426.79134pt x 192.60106pt.
 [10 <./Imagenes/20.png> <./Imagenes/21.png> <./Imagenes/22.png>]
<./Imagenes/24.png, id=90, 1027.58907pt x 463.7325pt>
File: ./Imagenes/24.png Graphic file (type png)
<use ./Imagenes/24.png>
Package pdftex.def Info: ./Imagenes/24.png  used on input line 266.
(pdftex.def)             Requested size: 426.79134pt x 192.60106pt.
<./Imagenes/25.png, id=91, 1027.58907pt x 472.01344pt>
File: ./Imagenes/25.png Graphic file (type png)
<use ./Imagenes/25.png>
Package pdftex.def Info: ./Imagenes/25.png  used on input line 272.
(pdftex.def)             Requested size: 426.79134pt x 196.04037pt.
 [11 <./Imagenes/23.png> <./Imagenes/24.png>]
<./Imagenes/26.png, id=98, 1027.58907pt x 464.4853pt>
File: ./Imagenes/26.png Graphic file (type png)
<use ./Imagenes/26.png>
Package pdftex.def Info: ./Imagenes/26.png  used on input line 278.
(pdftex.def)             Requested size: 426.79134pt x 192.91373pt.
<./Imagenes/27.png, id=99, 1026.83624pt x 464.4853pt>
File: ./Imagenes/27.png Graphic file (type png)
<use ./Imagenes/27.png>
Package pdftex.def Info: ./Imagenes/27.png  used on input line 284.
(pdftex.def)             Requested size: 426.79134pt x 193.05548pt.

Underfull \hbox (badness 10000) in paragraph at lines 287--288

 []

[12 <./Imagenes/25.png> <./Imagenes/26.png> <./Imagenes/27.png>]
<./Imagenes/28.png, id=106, 1024.57782pt x 468.24937pt>
File: ./Imagenes/28.png Graphic file (type png)
<use ./Imagenes/28.png>
Package pdftex.def Info: ./Imagenes/28.png  used on input line 292.
(pdftex.def)             Requested size: 426.79134pt x 195.04865pt.
<./Imagenes/29.png, id=107, 931.98187pt x 462.22687pt>
File: ./Imagenes/29.png Graphic file (type png)
<use ./Imagenes/29.png>
Package pdftex.def Info: ./Imagenes/29.png  used on input line 298.
(pdftex.def)             Requested size: 426.79134pt x 211.66772pt.

Underfull \hbox (badness 10000) in paragraph at lines 301--302

 []

<./Imagenes/30.png, id=108, 1027.58907pt x 472.01344pt>
File: ./Imagenes/30.png Graphic file (type png)
<use ./Imagenes/30.png>
Package pdftex.def Info: ./Imagenes/30.png  used on input line 306.
(pdftex.def)             Requested size: 426.79134pt x 196.04037pt.
[13 <./Imagenes/28.png> <./Imagenes/29.png>]
<./Imagenes/31.png, id=114, 997.47656pt x 462.97969pt>
File: ./Imagenes/31.png Graphic file (type png)
<use ./Imagenes/31.png>
Package pdftex.def Info: ./Imagenes/31.png  used on input line 312.
(pdftex.def)             Requested size: 426.79134pt x 198.09541pt.
<./Imagenes/32.png, id=115, 921.4425pt x 434.37282pt>
File: ./Imagenes/32.png Graphic file (type png)
<use ./Imagenes/32.png>
Package pdftex.def Info: ./Imagenes/32.png  used on input line 318.
(pdftex.def)             Requested size: 426.79134pt x 201.18591pt.
 [14 <./Imagenes/30.png> <./Imagenes/31.png>]
<./Imagenes/40.png, id=121, 537.50812pt x 252.945pt>
File: ./Imagenes/40.png Graphic file (type png)
<use ./Imagenes/40.png>
Package pdftex.def Info: ./Imagenes/40.png  used on input line 324.
(pdftex.def)             Requested size: 426.79134pt x 200.84329pt.
<./Imagenes/33.png, id=122, 1027.58907pt x 469.755pt>
File: ./Imagenes/33.png Graphic file (type png)
<use ./Imagenes/33.png>
Package pdftex.def Info: ./Imagenes/33.png  used on input line 331.
(pdftex.def)             Requested size: 426.79134pt x 195.10239pt.
 [15 <./Imagenes/32.png> <./Imagenes/40.png>]
<./Imagenes/34.png, id=128, 852.18375pt x 445.665pt>
File: ./Imagenes/34.png Graphic file (type png)
<use ./Imagenes/34.png>
Package pdftex.def Info: ./Imagenes/34.png  used on input line 337.
(pdftex.def)             Requested size: 426.79134pt x 223.19916pt.
<./Imagenes/35.png, id=129, 741.52031pt x 434.37282pt>
File: ./Imagenes/35.png Graphic file (type png)
<use ./Imagenes/35.png>
Package pdftex.def Info: ./Imagenes/35.png  used on input line 343.
(pdftex.def)             Requested size: 426.79134pt x 250.01428pt.
 [16 <./Imagenes/33.png> <./Imagenes/34.png>]
<./Imagenes/39.png, id=135, 528.47438pt x 188.20313pt>
File: ./Imagenes/39.png Graphic file (type png)
<use ./Imagenes/39.png>
Package pdftex.def Info: ./Imagenes/39.png  used on input line 349.
(pdftex.def)             Requested size: 426.79134pt x 151.98994pt.
<./Imagenes/36.png, id=136, 662.475pt x 386.94562pt>
File: ./Imagenes/36.png Graphic file (type png)
<use ./Imagenes/36.png>
Package pdftex.def Info: ./Imagenes/36.png  used on input line 355.
(pdftex.def)             Requested size: 426.79134pt x 249.28574pt.
 [17 <./Imagenes/35.png> <./Imagenes/39.png>]
<./Imagenes/37.png, id=143, 615.0478pt x 461.47406pt>
File: ./Imagenes/37.png Graphic file (type png)
<use ./Imagenes/37.png>
Package pdftex.def Info: ./Imagenes/37.png  used on input line 361.
(pdftex.def)             Requested size: 426.79134pt x 320.2271pt.
<./Imagenes/38.png, id=144, 979.40906pt x 462.97969pt>
File: ./Imagenes/38.png Graphic file (type png)
<use ./Imagenes/38.png>
Package pdftex.def Info: ./Imagenes/38.png  used on input line 367.
(pdftex.def)             Requested size: 426.79134pt x 201.74776pt.
 [18 <./Imagenes/36.png> <./Imagenes/37.png>] [19 <./Imagenes/38.png>] (informe
.aux
LaTeX Info: Redefining \. on input line 8.
LaTeX Info: Redefining \% on input line 8.
) ) 
Here is how much of TeX's memory you used:
 4112 strings out of 480790
 60082 string characters out of 2897301
 316365 words of memory out of 3000000
 20036 multiletter control sequences out of 15000+200000
 536959 words of font info for 40 fonts, out of 3000000 for 9000
 1141 hyphenation exceptions out of 8191
 30i,5n,35p,686b,361s stack positions out of 5000i,500n,10000p,200000b,50000s
<C:/Users/Percy/AppData/Local/Programs/MiKTeX/fonts/type1/public/amsfonts/cm
/cmbx12.pfb><C:/Users/Percy/AppData/Local/Programs/MiKTeX/fonts/type1/public/am
sfonts/cm/cmr12.pfb><C:/Users/Percy/AppData/Local/Programs/MiKTeX/fonts/type1/p
ublic/amsfonts/cm/cmsy10.pfb>
Output written on informe.pdf (21 pages, 1999106 bytes).
PDF statistics:
 165 PDF objects out of 1000 (max. 8388607)
 0 named destinations out of 1000 (max. 500000)
 206 words of extra memory for PDF output out of 10000 (max. 10000000)

